<?xml version="1.0" encoding="utf-8"?><testsuites><testsuite name="pytest" errors="0" failures="0" skipped="0" tests="13" time="1.350" timestamp="2024-08-16T09:32:20.842871" hostname="pouw-ThinkPad-P14s-Gen-1"><testcase classname="physped.tests.core.test_digitizers" name="test_digitize_coordinates_to_lattice" time="0.006" /><testcase classname="physped.tests.core.test_parametrize_potential" name="test_apply_periodic_angular_conditions" time="0.002" /><testcase classname="physped.tests.core.test_parametrize_potential" name="test_digitize_trajectories_to_grid" time="0.025" /><testcase classname="physped.tests.core.test_slow_dynamics" name="test_low_pass_filter_single_path" time="0.001" /><testcase classname="physped.tests.preprocessing.test_trajectories" name="test_rename_columns" time="0.001" /><testcase classname="physped.tests.preprocessing.test_trajectories" name="test_prune_short_trajectories" time="0.002" /><testcase classname="physped.tests.preprocessing.test_trajectories" name="test_add_trajectory_index" time="0.002" /><testcase classname="physped.tests.preprocessing.test_trajectories" name="test_compute_velocity_from_positions" time="0.006" /><testcase classname="physped.tests.preprocessing.test_trajectories" name="test_transform_fast_velocity_to_polar_coordinates" time="0.007" /><testcase classname="physped.tests.preprocessing.test_trajectories" name="test_preprocess_trajectories" time="0.008" /><testcase classname="physped.tests.utils.test_config_utils" name="test_initialize_hydra_config" time="0.079" /><testcase classname="physped.tests.utils.test_functions" name="test_periodic_angular_conditions[angular_bins0-angles0-expected_angles0]" time="0.001" /><testcase classname="physped.tests.utils.test_functions" name="test_periodic_angular_conditions[angular_bins1-angles1-expected_angles1]" time="0.001" /></testsuite></testsuites>
