<?xml version="1.0" encoding="utf-8"?><testsuites name="pytest tests"><testsuite name="pytest" errors="0" failures="0" skipped="0" tests="27" time="8.276" timestamp="2025-06-17T19:07:05.881661+00:00" hostname="pkrvmxyh4eaekms"><testcase classname="physped.tests.core.test_digitizers" name="test_digitize_coordinates_to_lattice" time="0.002" /><testcase classname="physped.tests.core.test_distribution_approximation" name="test_gaussian_approximation" time="0.001" /><testcase classname="physped.tests.core.test_lattice" name="test_Lattice" time="0.149" /><testcase classname="physped.tests.core.test_lattice" name="test_compute_cell_volume_shape" time="0.161" /><testcase classname="physped.tests.core.test_lattice" name="test_compute_cell_volume_non_negative" time="0.155" /><testcase classname="physped.tests.core.test_parametrize_potential" name="test_apply_periodic_angular_conditions" time="0.004" /><testcase classname="physped.tests.core.test_parametrize_potential" name="test_digitize_trajectories_to_grid" time="0.045" /><testcase classname="physped.tests.core.test_pedestrian_initializer" name="test_get_initial_dynamics_from_point" time="0.303" /><testcase classname="physped.tests.core.test_pedestrian_initializer" name="test_initialize_pedestrians" time="0.001" /><testcase classname="physped.tests.core.test_pedestrian_initializer" name="test_sample_dynamics_from_trajectories_state_0" time="0.300" /><testcase classname="physped.tests.core.test_pedestrian_initializer" name="test_sample_dynamics_from_trajectories_state_1" time="0.297" /><testcase classname="physped.tests.core.test_pedestrian_simulator" name="test_simulate_trajectories" time="3.585" /><testcase classname="physped.tests.core.test_piecewise_potential" name="test_piecewise_potential_histograms" time="0.143" /><testcase classname="physped.tests.core.test_piecewise_potential" name="test_piecewise_potential_parametrization" time="0.141" /><testcase classname="physped.tests.core.test_piecewise_potential" name="test_reparametrize_potential" time="0.141" /><testcase classname="physped.tests.core.test_slow_dynamics" name="test_low_pass_filter_single_path" time="0.001" /><testcase classname="physped.tests.preprocessing.test_trajectories" name="test_rename_columns" time="0.001" /><testcase classname="physped.tests.preprocessing.test_trajectories" name="test_prune_short_trajectories" time="0.003" /><testcase classname="physped.tests.preprocessing.test_trajectories" name="test_add_trajectory_index" time="0.003" /><testcase classname="physped.tests.preprocessing.test_trajectories" name="test_compute_velocity_from_positions" time="0.007" /><testcase classname="physped.tests.preprocessing.test_trajectories" name="test_transform_fast_velocity_to_polar_coordinates" time="0.008" /><testcase classname="physped.tests.preprocessing.test_trajectories" name="test_preprocess_trajectories" time="0.009" /><testcase classname="physped.tests.utils.test_config_utils" name="test_initialize_hydra_config" time="0.139" /><testcase classname="physped.tests.utils.test_config_utils" name="test_resolver_cast_numpy_array" time="0.151" /><testcase classname="physped.tests.utils.test_config_utils" name="test_resolver_generate_linear_bins" time="0.148" /><testcase classname="physped.tests.utils.test_functions" name="test_periodic_angular_conditions[angular_bins0-angles0-expected_angles0]" time="0.001" /><testcase classname="physped.tests.utils.test_functions" name="test_periodic_angular_conditions[angular_bins1-angles1-expected_angles1]" time="0.001" /></testsuite></testsuites>